C51 COMPILER V9.52.0.0   2LED7                                                             11/26/2020 09:19:48 PAGE 1   


C51 COMPILER V9.52.0.0, COMPILATION OF MODULE 2LED7
OBJECT MODULE PLACED IN 2led7.OBJ
COMPILER INVOKED BY: C:\Keil\C51\BIN\C51.EXE 2led7.c BROWSE DEBUG OBJECTEXTEND TABS(2)

line level    source

   1          #include <REGX51.H>
   2          #include <math.h>
   3          #define LED1 P3_0
   4          #define LED2 P3_1
   5          #define bat 0
   6          #define tat 1
   7          char so[10]={0xFC,0x06,0xDA,0xF2,0x4C,0xB6,0xE0,0xFE,0xF6};
   8          void delay_ms(unsigned long time);
   9          void main()
  10          {
  11   1        P2_0=1;
  12   1        while(1)
  13   1        {
  14   2          P2_0=~P2_0;
  15   2          delay_ms(1000);
  16   2      //    P1=0;
  17   2      //    LED1=bat;
  18   2      //    LED2=tat;
  19   2      //    P2=so[1];
  20   2      //    delay_ms(100);
  21   2      //    LED1=tat;
  22   2      //    LED2=bat;
  23   2      //    P2=so[2];
  24   2      //    delay_ms(100);
  25   2        }
  26   1      }
  27          void delay_ms(unsigned long time)
  28          {
  29   1        TMOD=0x01; 
  30   1        while(time!=0)
  31   1        {
  32   2          TL0=(65535 - 333)%256;
  33   2          TH0=(65535 - 333)/256;
  34   2          TR0=1;
  35   2          while(TF0==0);
  36   2          TR0=0;
  37   2          TF0=0;
  38   2          time--;
  39   2        }
  40   1      }


MODULE INFORMATION:   STATIC OVERLAYABLE
   CODE SIZE        =     89    ----
   CONSTANT SIZE    =   ----    ----
   XDATA SIZE       =   ----    ----
   PDATA SIZE       =   ----    ----
   DATA SIZE        =     10       4
   IDATA SIZE       =   ----    ----
   BIT SIZE         =   ----    ----
END OF MODULE INFORMATION.


C51 COMPILATION COMPLETE.  0 WARNING(S),  0 ERROR(S)
